-------------------------------------------------------------------------------
Test set: com.test.security.service.JwtServiceTest
-------------------------------------------------------------------------------
Tests run: 1, Failures: 0, Errors: 1, Skipped: 0, Time elapsed: 0.019 s <<< FAILURE! -- in com.test.security.service.JwtServiceTest
com.test.security.service.JwtServiceTest -- Time elapsed: 0.019 s <<< ERROR!
org.junit.platform.commons.JUnitException: @BeforeAll method 'void com.test.security.service.JwtServiceTest.init()' must be static unless the test class is annotated with @TestInstance(Lifecycle.PER_CLASS).
	at java.base/java.util.ArrayList.forEach(ArrayList.java:1596)
	at java.base/java.util.Collections$UnmodifiableCollection.forEach(Collections.java:1116)
	at java.base/java.util.ArrayList.forEach(ArrayList.java:1596)

