<?xml version="1.0" encoding="UTF-8"?>
<testsuite xmlns:xsi="http://www.w3.org/2001/XMLSchema-instance" xsi:noNamespaceSchemaLocation="https://maven.apache.org/surefire/maven-surefire-plugin/xsd/surefire-test-report-3.0.xsd" version="3.0" name="com.test.security.SecurityApplicationTests" time="8.849" tests="1" errors="0" skipped="0" failures="0">
  <properties>
[...]
</properties>
  <testcase name="contextLoads" classname="com.test.security.SecurityApplicationTests" time="0.75">
    <system-out><![CDATA[10:49:13.208 [main] INFO org.springframework.test.context.support.AnnotationConfigContextLoaderUtils -- Could not detect default configuration classes for test class [com.test.security.SecurityApplicationTests]: SecurityApplicationTests does not declare any static, non-private, non-final, nested classes annotated with @Configuration.
10:49:13.340 [main] INFO org.springframework.boot.test.context.SpringBootTestContextBootstrapper -- Found @SpringBootConfiguration com.test.security.SecurityApplication for test class com.test.security.SecurityApplicationTests

  .   ____          _            __ _ _
 /\\ / ___'_ __ _ _(_)_ __  __ _ \ \ \ \
( ( )\___ | '_ | '_| | '_ \/ _` | \ \ \ \
 \\/  ___)| |_)| | | | | || (_| |  ) ) ) )
  '  |____| .__|_| |_|_| |_\__, | / / / /
 =========|_|==============|___/=/_/_/_/
 :: Spring Boot ::                (v3.2.2)

2024-02-13T10:49:14.164Z  INFO 82565 --- [           main] c.t.security.SecurityApplicationTests    : Starting SecurityApplicationTests using Java 21.0.1 with PID 82565 (started by codespace in /workspaces/jwt-token-sping)
2024-02-13T10:49:14.167Z  INFO 82565 --- [           main] c.t.security.SecurityApplicationTests    : No active profile set, falling back to 1 default profile: "default"
2024-02-13T10:49:15.694Z  INFO 82565 --- [           main] .s.d.r.c.RepositoryConfigurationDelegate : Bootstrapping Spring Data JPA repositories in DEFAULT mode.
2024-02-13T10:49:15.716Z  INFO 82565 --- [           main] .s.d.r.c.RepositoryConfigurationDelegate : Finished Spring Data repository scanning in 15 ms. Found 0 JPA repository interfaces.
2024-02-13T10:49:16.444Z  INFO 82565 --- [           main] com.zaxxer.hikari.HikariDataSource       : HikariPool-1 - Starting...
2024-02-13T10:49:16.714Z  INFO 82565 --- [           main] com.zaxxer.hikari.pool.HikariPool        : HikariPool-1 - Added connection conn0: url=jdbc:h2:mem:mydb user=SA
2024-02-13T10:49:16.716Z  INFO 82565 --- [           main] com.zaxxer.hikari.HikariDataSource       : HikariPool-1 - Start completed.
2024-02-13T10:49:16.877Z  INFO 82565 --- [           main] o.hibernate.jpa.internal.util.LogHelper  : HHH000204: Processing PersistenceUnitInfo [name: default]
2024-02-13T10:49:16.934Z  INFO 82565 --- [           main] org.hibernate.Version                    : HHH000412: Hibernate ORM core version 6.4.1.Final
2024-02-13T10:49:16.970Z  INFO 82565 --- [           main] o.h.c.internal.RegionFactoryInitiator    : HHH000026: Second-level cache disabled
2024-02-13T10:49:17.215Z  INFO 82565 --- [           main] o.s.o.j.p.SpringPersistenceUnitInfo      : No LoadTimeWeaver setup: ignoring JPA class transformer
2024-02-13T10:49:17.255Z  WARN 82565 --- [           main] org.hibernate.orm.deprecation            : HHH90000025: H2Dialect does not need to be specified explicitly using 'hibernate.dialect' (remove the property setting and it will be selected by default)
2024-02-13T10:49:18.427Z  INFO 82565 --- [           main] o.h.e.t.j.p.i.JtaPlatformInitiator       : HHH000489: No JTA platform available (set 'hibernate.transaction.jta.platform' to enable JTA platform integration)
Hibernate: 
    drop table if exists "application-security"."test-app-user" cascade 
Hibernate: 
    drop sequence if exists "test-app-user_seq"
Hibernate: 
    create table "application-security"."test-app-user" (
        id integer not null,
        email varchar(255),
        first_name varchar(255),
        last_name varchar(255),
        password varchar(255),
        primary key (id)
    )
Hibernate: 
    create sequence "test-app-user_seq" start with 1 increment by 50
2024-02-13T10:49:18.466Z  INFO 82565 --- [           main] j.LocalContainerEntityManagerFactoryBean : Initialized JPA EntityManagerFactory for persistence unit 'default'
2024-02-13T10:49:18.963Z  WARN 82565 --- [           main] JpaBaseConfiguration$JpaWebConfiguration : spring.jpa.open-in-view is enabled by default. Therefore, database queries may be performed during view rendering. Explicitly configure spring.jpa.open-in-view to disable this warning
2024-02-13T10:49:20.215Z  WARN 82565 --- [           main] .s.s.UserDetailsServiceAutoConfiguration : 

Using generated security password: fb2762bb-a97b-421e-8ff5-45b2aae4f6d5

This generated password is for development use only. Your security configuration must be updated before running your application in production.

2024-02-13T10:49:20.402Z  INFO 82565 --- [           main] o.s.b.a.e.web.EndpointLinksResolver      : Exposing 1 endpoint(s) beneath base path '/actuator'
2024-02-13T10:49:20.468Z  INFO 82565 --- [           main] o.s.s.web.DefaultSecurityFilterChain     : Will secure any request with [org.springframework.security.web.session.DisableEncodeUrlFilter@684a34f4, org.springframework.security.web.context.request.async.WebAsyncManagerIntegrationFilter@52ec5ba6, org.springframework.security.web.context.SecurityContextHolderFilter@475fb7, org.springframework.security.web.header.HeaderWriterFilter@6d76aa05, org.springframework.web.filter.CorsFilter@5f606ab6, org.springframework.security.web.csrf.CsrfFilter@6ebf5f26, org.springframework.security.web.authentication.logout.LogoutFilter@63f819a6, org.springframework.security.web.authentication.UsernamePasswordAuthenticationFilter@10b36d8a, org.springframework.security.web.authentication.ui.DefaultLoginPageGeneratingFilter@73f6ffb1, org.springframework.security.web.authentication.ui.DefaultLogoutPageGeneratingFilter@384cd83a, org.springframework.security.web.authentication.www.BasicAuthenticationFilter@6b83ec49, org.springframework.security.web.savedrequest.RequestCacheAwareFilter@564e9c0b, org.springframework.security.web.servletapi.SecurityContextHolderAwareRequestFilter@3be60847, org.springframework.security.web.authentication.AnonymousAuthenticationFilter@198a653, org.springframework.security.web.access.ExceptionTranslationFilter@2e7cd4bb, org.springframework.security.web.access.intercept.AuthorizationFilter@3a3375d8]
2024-02-13T10:49:20.635Z  INFO 82565 --- [           main] o.s.b.a.h2.H2ConsoleAutoConfiguration    : H2 console available at '/h2-console'. Database available at 'jdbc:h2:mem:mydb'
2024-02-13T10:49:20.879Z  INFO 82565 --- [           main] c.t.security.SecurityApplicationTests    : Started SecurityApplicationTests in 7.387 seconds (process running for 8.765)
]]></system-out>
    <system-err><![CDATA[WARNING: A Java agent has been loaded dynamically (/home/codespace/.m2/repository/net/bytebuddy/byte-buddy-agent/1.14.11/byte-buddy-agent-1.14.11.jar)
WARNING: If a serviceability tool is in use, please run with -XX:+EnableDynamicAgentLoading to hide this warning
WARNING: If a serviceability tool is not in use, please run with -Djdk.instrument.traceUsage for more information
WARNING: Dynamic loading of agents will be disallowed by default in a future release
]]></system-err>
  </testcase>
</testsuite>